C:\Program Files (x86)\Microsoft Visual Studio\2019\Community\MSBuild\Microsoft\VC\v160\Microsoft.CppBuild.targets(513,5): warning MSB8028: The intermediate directory (x64\Release\) contains files shared from another project (LAP2.vcxproj).  This can lead to incorrect clean and rebuild behavior.
  MainLab2.cpp
C:\Users\Tung\Desktop\XLAV\LAP\LAP2\MainLab2.cpp(8,20): warning C4267: 'initializing': conversion from 'size_t' to 'int', possible loss of data
C:\Users\Tung\Desktop\XLAV\LAP\LAP2\MainLab2.cpp(8,37): warning C4267: 'initializing': conversion from 'size_t' to 'int', possible loss of data
C:\Users\Tung\Desktop\XLAV\LAP\LAP2\MainLab2.cpp(24,13): warning C4244: 'initializing': conversion from 'double' to 'float', possible loss of data
C:\Users\Tung\Desktop\XLAV\LAP\LAP2\MainLab2.cpp(69,73): warning C4244: 'argument': conversion from 'float' to 'int', possible loss of data
C:\Users\Tung\Desktop\XLAV\LAP\LAP2\MainLab2.cpp(69,52): warning C4244: 'argument': conversion from 'float' to 'int', possible loss of data
  SourceLab2.cpp
C:\Users\Tung\Desktop\XLAV\LAP\LAP2\SourceLab2.cpp(35,8): warning C4244: 'initializing': conversion from 'float' to 'int', possible loss of data
C:\Users\Tung\Desktop\XLAV\LAP\LAP2\SourceLab2.cpp(36,8): warning C4244: 'initializing': conversion from 'float' to 'int', possible loss of data
C:\Users\Tung\Desktop\XLAV\LAP\LAP2\SourceLab2.cpp(64,8): warning C4244: 'initializing': conversion from 'float' to 'int', possible loss of data
C:\Users\Tung\Desktop\XLAV\LAP\LAP2\SourceLab2.cpp(64,27): warning C4244: 'initializing': conversion from 'float' to 'int', possible loss of data
C:\Users\Tung\Desktop\XLAV\LAP\LAP2\SourceLab2.cpp(82,13): warning C4244: 'initializing': conversion from 'double' to 'float', possible loss of data
C:\Users\Tung\Desktop\XLAV\LAP\LAP2\SourceLab2.cpp(82,43): warning C4244: 'initializing': conversion from 'double' to 'float', possible loss of data
C:\Users\Tung\Desktop\XLAV\LAP\LAP2\SourceLab2.cpp(124,41): warning C4267: 'initializing': conversion from 'size_t' to 'int', possible loss of data
C:\Users\Tung\Desktop\XLAV\LAP\LAP2\SourceLab2.cpp(125,41): warning C4267: 'initializing': conversion from 'size_t' to 'int', possible loss of data
C:\Users\Tung\Desktop\XLAV\LAP\LAP2\SourceLab2.cpp(129,40): warning C4267: 'initializing': conversion from 'size_t' to 'int', possible loss of data
C:\Users\Tung\Desktop\XLAV\LAP\LAP2\SourceLab2.cpp(140,13): warning C4244: 'initializing': conversion from 'int' to 'float', possible loss of data
C:\Users\Tung\Desktop\XLAV\LAP\LAP2\SourceLab2.cpp(140,21): warning C4244: 'initializing': conversion from 'int' to 'float', possible loss of data
C:\Users\Tung\Desktop\XLAV\LAP\LAP2\SourceLab2.cpp(160,13): warning C4244: 'initializing': conversion from 'double' to 'float', possible loss of data
C:\Users\Tung\Desktop\XLAV\LAP\LAP2\SourceLab2.cpp(161,13): warning C4244: 'initializing': conversion from 'double' to 'float', possible loss of data
C:\Users\Tung\Desktop\XLAV\LAP\LAP2\SourceLab2.cpp(171,72): warning C4244: 'argument': conversion from 'int' to 'float', possible loss of data
C:\Users\Tung\Desktop\XLAV\LAP\LAP2\SourceLab2.cpp(171,36): warning C4244: 'argument': conversion from 'int' to 'float', possible loss of data
C:\Users\Tung\Desktop\XLAV\LAP\LAP2\SourceLab2.cpp(172,38): warning C4244: 'argument': conversion from 'int' to 'float', possible loss of data
C:\Users\Tung\Desktop\XLAV\LAP\LAP2\SourceLab2.cpp(172,19): warning C4244: 'argument': conversion from 'int' to 'float', possible loss of data
C:\Users\Tung\Desktop\XLAV\LAP\LAP2\SourceLab2.cpp(174,45): warning C4244: 'argument': conversion from 'int' to 'float', possible loss of data
C:\Users\Tung\Desktop\XLAV\LAP\LAP2\SourceLab2.cpp(174,30): warning C4244: 'argument': conversion from 'int' to 'float', possible loss of data
C:\Users\Tung\Desktop\XLAV\LAP\LAP2\SourceLab2.cpp(195,38): warning C4244: 'argument': conversion from 'int' to 'float', possible loss of data
C:\Users\Tung\Desktop\XLAV\LAP\LAP2\SourceLab2.cpp(195,19): warning C4244: 'argument': conversion from 'int' to 'float', possible loss of data
C:\Users\Tung\Desktop\XLAV\LAP\LAP2\SourceLab2.cpp(199,45): warning C4244: 'argument': conversion from 'int' to 'float', possible loss of data
C:\Users\Tung\Desktop\XLAV\LAP\LAP2\SourceLab2.cpp(199,30): warning C4244: 'argument': conversion from 'int' to 'float', possible loss of data
C:\Users\Tung\Desktop\XLAV\LAP\LAP2\SourceLab2.cpp(215,14): warning C4244: 'initializing': conversion from 'const int' to 'float', possible loss of data
C:\Users\Tung\Desktop\XLAV\LAP\LAP2\SourceLab2.cpp(216,15): warning C4244: 'initializing': conversion from 'const int' to 'float', possible loss of data
C:\Users\Tung\Desktop\XLAV\LAP\LAP2\SourceLab2.cpp(218,25): warning C4244: 'argument': conversion from 'float' to 'int', possible loss of data
C:\Users\Tung\Desktop\XLAV\LAP\LAP2\SourceLab2.cpp(218,18): warning C4244: 'argument': conversion from 'float' to 'int', possible loss of data
C:\Users\Tung\Desktop\XLAV\LAP\LAP2\SourceLab2.cpp(242,20): warning C4244: 'initializing': conversion from 'double' to 'float', possible loss of data
C:\Users\Tung\Desktop\XLAV\LAP\LAP2\SourceLab2.cpp(243,19): warning C4244: 'initializing': conversion from 'double' to 'float', possible loss of data
C:\Users\Tung\Desktop\XLAV\LAP\LAP2\SourceLab2.cpp(245,12): warning C4244: 'initializing': conversion from 'float' to 'int', possible loss of data
C:\Users\Tung\Desktop\XLAV\LAP\LAP2\SourceLab2.cpp(246,13): warning C4244: 'initializing': conversion from 'float' to 'int', possible loss of data
C:\Users\Tung\Desktop\XLAV\LAP\LAP2\SourceLab2.cpp(252,39): warning C4244: 'argument': conversion from 'int' to 'float', possible loss of data
C:\Users\Tung\Desktop\XLAV\LAP\LAP2\SourceLab2.cpp(252,27): warning C4244: 'argument': conversion from 'int' to 'float', possible loss of data
C:\Users\Tung\Desktop\XLAV\LAP\LAP2\SourceLab2.cpp(276,39): warning C4244: 'argument': conversion from 'int' to 'float', possible loss of data
C:\Users\Tung\Desktop\XLAV\LAP\LAP2\SourceLab2.cpp(276,27): warning C4244: 'argument': conversion from 'int' to 'float', possible loss of data
C:\Users\Tung\Desktop\XLAV\LAP\LAP2\SourceLab2.cpp(279,37): warning C4244: 'argument': conversion from 'int' to 'float', possible loss of data
C:\Users\Tung\Desktop\XLAV\LAP\LAP2\SourceLab2.cpp(279,26): warning C4244: 'argument': conversion from 'int' to 'float', possible loss of data
  Generating code
  Previous IPDB not found, fall back to full compilation.
  All 162 functions were compiled because no usable IPDB/IOBJ from previous compilation was found.
  Finished generating code
  LAP2.vcxproj -> C:\Users\Tung\Desktop\XLAV\LAP\x64\Release\LAB2.exe
